time="2025-06-11T22:44:00+08:00" level=info msg="Config version 2 is current"
time="2025-06-11T22:44:00+08:00" level=info msg="Available notification methods: [libnotify dunst hyprland swaync]"
time="2025-06-11T22:44:00+08:00" level=info msg="Starting Hyprland input method switcher..."
time="2025-06-11T22:44:00+08:00" level=info msg="Config loaded from: ~/.config/hypr-input-switcher/config.json"
time="2025-06-11T22:44:00+08:00" level=info msg="Notification methods: [libnotify dunst hyprland swaync]"
time="2025-06-11T22:44:00+08:00" level=info msg="Window changed: code - hypr-input-switcher.log - Untitled (Workspace) - Visual Studio Code"
time="2025-06-11T22:44:00+08:00" level=info msg="Current IM: english -> Target IM: english"
time="2025-06-11T22:44:02+08:00" level=info msg="Window changed: code - app.go - Untitled (Workspace) - Visual Studio Code"
time="2025-06-11T22:44:02+08:00" level=info msg="Current IM: english -> Target IM: english"
time="2025-06-11T22:44:04+08:00" level=info msg="Window changed: wechat - 微信"
time="2025-06-11T22:44:04+08:00" level=info msg="Current IM: english -> Target IM: chinese"
time="2025-06-11T22:44:04+08:00" level=info msg="Switching to input method: chinese"
time="2025-06-11T22:44:04+08:00" level=info msg="Switching rime schema to: rime_frost via D-Bus"
time="2025-06-11T22:44:04+08:00" level=warning msg="Failed to switch rime schema via D-Bus: Unknown method SelectSchema or interface org.fcitx.Fcitx.Rime1."
time="2025-06-11T22:44:04+08:00" level=info msg="Switching rime schema to: rime_frost via fallback method"
time="2025-06-11T22:44:04+08:00" level=info msg="Successfully switched rime schema to: rime_frost (dbus-send)"
time="2025-06-11T22:44:04+08:00" level=info msg="Switched input method to: chinese"
time="2025-06-11T22:44:07+08:00" level=info msg="Window changed: code - app.go - Untitled (Workspace) - Visual Studio Code"
time="2025-06-11T22:44:07+08:00" level=info msg="Current IM:  -> Target IM: english"
time="2025-06-11T22:44:07+08:00" level=info msg="Switching to input method: english"
time="2025-06-11T22:44:07+08:00" level=info msg="Successfully switched to English via D-Bus"
time="2025-06-11T22:44:07+08:00" level=info msg="Switched input method to: english"
time="2025-06-11T22:44:07+08:00" level=info msg="Window changed: code - hypr-input-switcher.log - Untitled (Workspace) - Visual Studio Code"
time="2025-06-11T22:44:07+08:00" level=info msg="Current IM: english -> Target IM: english"
time="2025-06-11T22:44:15+08:00" level=info msg="Window changed: code - app.go - Untitled (Workspace) - Visual Studio Code"
time="2025-06-11T22:44:15+08:00" level=info msg="Current IM: english -> Target IM: english"
time="2025-06-11T22:44:21+08:00" level=info msg="Window changed: code - ● app.go - Untitled (Workspace) - Visual Studio Code"
time="2025-06-11T22:44:21+08:00" level=info msg="Current IM: english -> Target IM: english"
time="2025-06-11T22:44:22+08:00" level=info msg="Window changed: code - app.go - Untitled (Workspace) - Visual Studio Code"
time="2025-06-11T22:44:22+08:00" level=info msg="Current IM: english -> Target IM: english"
time="2025-06-11T22:44:26+08:00" level=info msg="Shutting down..."
time="2025-06-11T22:44:42+08:00" level=info msg="Config version 2 is current"
time="2025-06-11T22:44:42+08:00" level=info msg="Available notification methods: [libnotify dunst hyprland swaync]"
time="2025-06-11T22:44:42+08:00" level=info msg="Starting Hyprland input method switcher..."
time="2025-06-11T22:44:42+08:00" level=info msg="Config loaded from: ~/.config/hypr-input-switcher/config.json"
time="2025-06-11T22:44:42+08:00" level=info msg="Notification methods: [libnotify dunst hyprland swaync]"
time="2025-06-11T22:44:42+08:00" level=info msg="Window changed: code - app.go - Untitled (Workspace) - Visual Studio Code"
time="2025-06-11T22:44:42+08:00" level=info msg="Current IM: english -> Target IM: english"
time="2025-06-11T22:44:45+08:00" level=info msg="Window changed: code - hypr-input-switcher.log - Untitled (Workspace) - Visual Studio Code"
time="2025-06-11T22:44:45+08:00" level=info msg="Current IM: english -> Target IM: english"
time="2025-06-11T22:44:46+08:00" level=info msg="Window changed: wechat - 微信"
time="2025-06-11T22:44:46+08:00" level=info msg="Current IM: english -> Target IM: chinese"
time="2025-06-11T22:44:46+08:00" level=info msg="Switching to input method: chinese"
time="2025-06-11T22:44:46+08:00" level=info msg="Switching rime schema to: rime_frost via D-Bus"
time="2025-06-11T22:44:46+08:00" level=info msg="Successfully switched rime schema to: rime_frost (D-Bus)"
time="2025-06-11T22:44:46+08:00" level=info msg="Switched input method to: chinese"
time="2025-06-11T22:44:49+08:00" level=info msg="Window changed: code - hypr-input-switcher.log - Untitled (Workspace) - Visual Studio Code"
time="2025-06-11T22:44:49+08:00" level=info msg="Current IM:  -> Target IM: english"
time="2025-06-11T22:44:49+08:00" level=info msg="Switching to input method: english"
time="2025-06-11T22:44:49+08:00" level=info msg="Successfully switched to English via D-Bus"
time="2025-06-11T22:44:49+08:00" level=info msg="Switched input method to: english"
time="2025-06-11T22:44:53+08:00" level=info msg="Window changed: code - app.go - Untitled (Workspace) - Visual Studio Code"
time="2025-06-11T22:44:53+08:00" level=info msg="Current IM: english -> Target IM: english"
time="2025-06-11T22:45:03+08:00" level=info msg="Window changed: code - hypr-input-switcher.log - Untitled (Workspace) - Visual Studio Code"
time="2025-06-11T22:45:03+08:00" level=info msg="Current IM: english -> Target IM: english"
time="2025-06-11T22:45:04+08:00" level=info msg="Window changed: wechat - 微信"
time="2025-06-11T22:45:04+08:00" level=info msg="Current IM: english -> Target IM: chinese"
time="2025-06-11T22:45:04+08:00" level=info msg="Switching to input method: chinese"
time="2025-06-11T22:45:04+08:00" level=info msg="Switching rime schema to: rime_frost via D-Bus"
time="2025-06-11T22:45:04+08:00" level=info msg="Successfully switched rime schema to: rime_frost (D-Bus)"
time="2025-06-11T22:45:04+08:00" level=info msg="Switched input method to: chinese"
time="2025-06-11T22:45:05+08:00" level=info msg="Window changed: org.telegram.desktop - \u200e\u2068陈丽真\u2069 – (15747)"
time="2025-06-11T22:45:05+08:00" level=info msg="Current IM:  -> Target IM: chinese"
time="2025-06-11T22:45:05+08:00" level=info msg="Switching to input method: chinese"
time="2025-06-11T22:45:05+08:00" level=info msg="Switching rime schema to: rime_frost via D-Bus"
time="2025-06-11T22:45:05+08:00" level=info msg="Successfully switched rime schema to: rime_frost (D-Bus)"
time="2025-06-11T22:45:05+08:00" level=info msg="Switched input method to: chinese"
time="2025-06-11T22:45:06+08:00" level=info msg="Window changed: org.telegram.desktop - \u200e\u2068陈丽真\u2069 – (15748)"
time="2025-06-11T22:45:06+08:00" level=info msg="Current IM:  -> Target IM: chinese"
time="2025-06-11T22:45:06+08:00" level=info msg="Switching to input method: chinese"
time="2025-06-11T22:45:06+08:00" level=info msg="Switching rime schema to: rime_frost via D-Bus"
time="2025-06-11T22:45:06+08:00" level=info msg="Successfully switched rime schema to: rime_frost (D-Bus)"
time="2025-06-11T22:45:06+08:00" level=info msg="Switched input method to: chinese"
time="2025-06-11T22:45:08+08:00" level=info msg="Window changed: wechat - 微信"
time="2025-06-11T22:45:08+08:00" level=info msg="Current IM:  -> Target IM: chinese"
time="2025-06-11T22:45:08+08:00" level=info msg="Switching to input method: chinese"
time="2025-06-11T22:45:08+08:00" level=info msg="Switching rime schema to: rime_frost via D-Bus"
time="2025-06-11T22:45:08+08:00" level=info msg="Successfully switched rime schema to: rime_frost (D-Bus)"
time="2025-06-11T22:45:08+08:00" level=info msg="Switched input method to: chinese"
time="2025-06-11T22:45:09+08:00" level=info msg="Window changed:  - "
time="2025-06-11T22:45:09+08:00" level=info msg="Current IM:  -> Target IM: "
time="2025-06-11T22:45:09+08:00" level=info msg="Window changed: code - hypr-input-switcher.log - Untitled (Workspace) - Visual Studio Code"
time="2025-06-11T22:45:09+08:00" level=info msg="Current IM:  -> Target IM: english"
time="2025-06-11T22:45:09+08:00" level=info msg="Switching to input method: english"
time="2025-06-11T22:45:09+08:00" level=info msg="Successfully switched to English via D-Bus"
time="2025-06-11T22:45:09+08:00" level=info msg="Switched input method to: english"
time="2025-06-11T22:45:11+08:00" level=info msg="Window changed: thunderbird - Inbox - icyleaf.cn@gmail.com - Mozilla Thunderbird"
time="2025-06-11T22:45:11+08:00" level=info msg="Current IM: english -> Target IM: "
time="2025-06-11T22:45:11+08:00" level=info msg="Switching to input method: "
time="2025-06-11T22:45:11+08:00" level=info msg="Switched input method to: "
time="2025-06-11T22:45:12+08:00" level=info msg="Window changed: wechat - 微信"
time="2025-06-11T22:45:12+08:00" level=info msg="Current IM:  -> Target IM: chinese"
time="2025-06-11T22:45:12+08:00" level=info msg="Switching to input method: chinese"
time="2025-06-11T22:45:12+08:00" level=info msg="Switching rime schema to: rime_frost via D-Bus"
time="2025-06-11T22:45:12+08:00" level=info msg="Successfully switched rime schema to: rime_frost (D-Bus)"
time="2025-06-11T22:45:12+08:00" level=info msg="Switched input method to: chinese"
time="2025-06-11T22:45:12+08:00" level=info msg="Window changed: code - hypr-input-switcher.log - Untitled (Workspace) - Visual Studio Code"
time="2025-06-11T22:45:12+08:00" level=info msg="Current IM:  -> Target IM: english"
time="2025-06-11T22:45:12+08:00" level=info msg="Switching to input method: english"
time="2025-06-11T22:45:12+08:00" level=info msg="Successfully switched to English via D-Bus"
time="2025-06-11T22:45:12+08:00" level=info msg="Switched input method to: english"
time="2025-06-11T22:45:14+08:00" level=info msg="Window changed: wechat - 微信"
time="2025-06-11T22:45:14+08:00" level=info msg="Current IM: english -> Target IM: chinese"
time="2025-06-11T22:45:14+08:00" level=info msg="Switching to input method: chinese"
time="2025-06-11T22:45:14+08:00" level=info msg="Switching rime schema to: rime_frost via D-Bus"
time="2025-06-11T22:45:14+08:00" level=info msg="Successfully switched rime schema to: rime_frost (D-Bus)"
time="2025-06-11T22:45:14+08:00" level=info msg="Switched input method to: chinese"
time="2025-06-11T22:45:15+08:00" level=info msg="Window changed: code - hypr-input-switcher.log - Untitled (Workspace) - Visual Studio Code"
time="2025-06-11T22:45:15+08:00" level=info msg="Current IM:  -> Target IM: english"
time="2025-06-11T22:45:15+08:00" level=info msg="Switching to input method: english"
time="2025-06-11T22:45:15+08:00" level=info msg="Successfully switched to English via D-Bus"
time="2025-06-11T22:45:15+08:00" level=info msg="Switched input method to: english"
time="2025-06-11T22:45:16+08:00" level=info msg="Window changed: google-chrome - Fcitx5 切换输入法 - Google Chrome"
time="2025-06-11T22:45:16+08:00" level=info msg="Current IM: english -> Target IM: japanese"
time="2025-06-11T22:45:16+08:00" level=info msg="Switching to input method: japanese"
time="2025-06-11T22:45:16+08:00" level=info msg="Switching rime schema to: kagiroi via D-Bus"
time="2025-06-11T22:45:16+08:00" level=info msg="Successfully switched rime schema to: kagiroi (D-Bus)"
time="2025-06-11T22:45:16+08:00" level=info msg="Switched input method to: japanese"
time="2025-06-11T22:45:24+08:00" level=info msg="Window changed: code - hypr-input-switcher.log - Untitled (Workspace) - Visual Studio Code"
time="2025-06-11T22:45:24+08:00" level=info msg="Current IM:  -> Target IM: english"
time="2025-06-11T22:45:24+08:00" level=info msg="Switching to input method: english"
time="2025-06-11T22:45:24+08:00" level=info msg="Successfully switched to English via D-Bus"
time="2025-06-11T22:45:24+08:00" level=info msg="Switched input method to: english"
time="2025-06-11T22:45:25+08:00" level=info msg="Window changed: code - ● hypr-input-switcher.log - Untitled (Workspace) - Visual Studio Code"
time="2025-06-11T22:45:25+08:00" level=info msg="Current IM: english -> Target IM: english"
time="2025-06-11T22:45:27+08:00" level=info msg="Window changed: code - hypr-input-switcher.log - Untitled (Workspace) - Visual Studio Code"
time="2025-06-11T22:45:27+08:00" level=info msg="Current IM: english -> Target IM: english"
time="2025-06-11T22:49:38+08:00" level=info msg="Window changed: code - app.go - Untitled (Workspace) - Visual Studio Code"
time="2025-06-11T22:49:38+08:00" level=info msg="Current IM: english -> Target IM: english"
time="2025-06-11T22:49:41+08:00" level=info msg="Window changed: code - rime.go - Untitled (Workspace) - Visual Studio Code"
time="2025-06-11T22:49:41+08:00" level=info msg="Current IM: english -> Target IM: english"
time="2025-06-11T22:49:50+08:00" level=info msg="Window changed: code - app.go - Untitled (Workspace) - Visual Studio Code"
time="2025-06-11T22:49:50+08:00" level=info msg="Current IM: english -> Target IM: english"
time="2025-06-11T22:50:13+08:00" level=info msg="Window changed: code - fcitx5.go - Untitled (Workspace) - Visual Studio Code"
time="2025-06-11T22:50:13+08:00" level=info msg="Current IM: english -> Target IM: english"
time="2025-06-11T22:50:18+08:00" level=info msg="Window changed: code - app.go - Untitled (Workspace) - Visual Studio Code"
time="2025-06-11T22:50:18+08:00" level=info msg="Current IM: english -> Target IM: english"
time="2025-06-11T22:50:24+08:00" level=info msg="Window changed: code - hypr-input-switcher.log - Untitled (Workspace) - Visual Studio Code"
time="2025-06-11T22:50:24+08:00" level=info msg="Current IM: english -> Target IM: english"
time="2025-06-11T22:50:24+08:00" level=info msg="Window changed: code - app.go - Untitled (Workspace) - Visual Studio Code"
time="2025-06-11T22:50:24+08:00" level=info msg="Current IM: english -> Target IM: english"
time="2025-06-11T22:51:27+08:00" level=info msg="Window changed: code - backends.go - Untitled (Workspace) - Visual Studio Code"
time="2025-06-11T22:51:27+08:00" level=info msg="Current IM:  -> Target IM: english"
time="2025-06-11T22:51:27+08:00" level=info msg="Switching to input method: english"
time="2025-06-11T22:51:27+08:00" level=info msg="Successfully switched to English via D-Bus"
time="2025-06-11T22:51:27+08:00" level=info msg="Switched input method to: english"
time="2025-06-11T22:51:29+08:00" level=info msg="Window changed: code - notification.go - Untitled (Workspace) - Visual Studio Code"
time="2025-06-11T22:51:29+08:00" level=info msg="Current IM: english -> Target IM: english"
time="2025-06-11T22:51:36+08:00" level=info msg="Window changed: code - app.go - Untitled (Workspace) - Visual Studio Code"
time="2025-06-11T22:51:36+08:00" level=info msg="Current IM: english -> Target IM: english"
time="2025-06-11T22:51:38+08:00" level=info msg="Window changed: wechat - 微信"
time="2025-06-11T22:51:38+08:00" level=info msg="Current IM: english -> Target IM: chinese"
time="2025-06-11T22:51:38+08:00" level=info msg="Switching to input method: chinese"
time="2025-06-11T22:51:39+08:00" level=info msg="Switching rime schema to: rime_frost via D-Bus"
time="2025-06-11T22:51:39+08:00" level=info msg="Successfully switched rime schema to: rime_frost (D-Bus)"
time="2025-06-11T22:51:39+08:00" level=info msg="Switched input method to: chinese"
time="2025-06-11T22:51:57+08:00" level=info msg="Window changed: wechat - 预览"
time="2025-06-11T22:51:57+08:00" level=info msg="Current IM:  -> Target IM: chinese"
time="2025-06-11T22:51:57+08:00" level=info msg="Switching to input method: chinese"
time="2025-06-11T22:51:57+08:00" level=info msg="Switching rime schema to: rime_frost via D-Bus"
time="2025-06-11T22:51:57+08:00" level=info msg="Successfully switched rime schema to: rime_frost (D-Bus)"
time="2025-06-11T22:51:57+08:00" level=info msg="Switched input method to: chinese"
time="2025-06-11T22:51:58+08:00" level=info msg="Window changed: wechat - 微信"
time="2025-06-11T22:51:58+08:00" level=info msg="Current IM:  -> Target IM: chinese"
time="2025-06-11T22:51:58+08:00" level=info msg="Switching to input method: chinese"
time="2025-06-11T22:51:58+08:00" level=info msg="Switching rime schema to: rime_frost via D-Bus"
time="2025-06-11T22:51:58+08:00" level=info msg="Successfully switched rime schema to: rime_frost (D-Bus)"
time="2025-06-11T22:51:58+08:00" level=info msg="Switched input method to: chinese"
time="2025-06-11T22:51:59+08:00" level=info msg="Window changed: wechat - 预览"
time="2025-06-11T22:51:59+08:00" level=info msg="Current IM:  -> Target IM: chinese"
time="2025-06-11T22:51:59+08:00" level=info msg="Switching to input method: chinese"
time="2025-06-11T22:51:59+08:00" level=info msg="Switching rime schema to: rime_frost via D-Bus"
time="2025-06-11T22:51:59+08:00" level=info msg="Successfully switched rime schema to: rime_frost (D-Bus)"
time="2025-06-11T22:51:59+08:00" level=info msg="Switched input method to: chinese"
time="2025-06-11T22:51:59+08:00" level=info msg="Window changed: wechat - 微信"
time="2025-06-11T22:51:59+08:00" level=info msg="Current IM:  -> Target IM: chinese"
time="2025-06-11T22:51:59+08:00" level=info msg="Switching to input method: chinese"
time="2025-06-11T22:51:59+08:00" level=info msg="Switching rime schema to: rime_frost via D-Bus"
time="2025-06-11T22:51:59+08:00" level=info msg="Successfully switched rime schema to: rime_frost (D-Bus)"
time="2025-06-11T22:51:59+08:00" level=info msg="Switched input method to: chinese"
time="2025-06-11T22:52:33+08:00" level=info msg="Window changed: wechat - wechat"
time="2025-06-11T22:52:33+08:00" level=info msg="Current IM:  -> Target IM: chinese"
time="2025-06-11T22:52:33+08:00" level=info msg="Switching to input method: chinese"
time="2025-06-11T22:52:33+08:00" level=info msg="Switching rime schema to: rime_frost via D-Bus"
time="2025-06-11T22:52:33+08:00" level=info msg="Successfully switched rime schema to: rime_frost (D-Bus)"
time="2025-06-11T22:52:33+08:00" level=info msg="Switched input method to: chinese"
time="2025-06-11T22:52:33+08:00" level=info msg="Window changed: wechat - 微信"
time="2025-06-11T22:52:33+08:00" level=info msg="Current IM:  -> Target IM: chinese"
time="2025-06-11T22:52:33+08:00" level=info msg="Switching to input method: chinese"
time="2025-06-11T22:52:33+08:00" level=info msg="Switching rime schema to: rime_frost via D-Bus"
time="2025-06-11T22:52:33+08:00" level=info msg="Successfully switched rime schema to: rime_frost (D-Bus)"
time="2025-06-11T22:52:33+08:00" level=info msg="Switched input method to: chinese"
time="2025-06-11T22:52:38+08:00" level=info msg="Window changed: wechat - wechat"
time="2025-06-11T22:52:38+08:00" level=info msg="Current IM:  -> Target IM: chinese"
time="2025-06-11T22:52:38+08:00" level=info msg="Switching to input method: chinese"
time="2025-06-11T22:52:38+08:00" level=info msg="Switching rime schema to: rime_frost via D-Bus"
time="2025-06-11T22:52:38+08:00" level=info msg="Successfully switched rime schema to: rime_frost (D-Bus)"
time="2025-06-11T22:52:38+08:00" level=info msg="Switched input method to: chinese"
time="2025-06-11T22:52:44+08:00" level=info msg="Window changed: wechat - 微信"
time="2025-06-11T22:52:44+08:00" level=info msg="Current IM:  -> Target IM: chinese"
time="2025-06-11T22:52:44+08:00" level=info msg="Switching to input method: chinese"
time="2025-06-11T22:52:44+08:00" level=info msg="Switching rime schema to: rime_frost via D-Bus"
time="2025-06-11T22:52:44+08:00" level=info msg="Successfully switched rime schema to: rime_frost (D-Bus)"
time="2025-06-11T22:52:44+08:00" level=info msg="Switched input method to: chinese"
time="2025-06-11T22:52:46+08:00" level=info msg="Window changed: wechat - wechat"
time="2025-06-11T22:52:46+08:00" level=info msg="Current IM:  -> Target IM: chinese"
time="2025-06-11T22:52:46+08:00" level=info msg="Switching to input method: chinese"
time="2025-06-11T22:52:46+08:00" level=info msg="Switching rime schema to: rime_frost via D-Bus"
time="2025-06-11T22:52:46+08:00" level=info msg="Successfully switched rime schema to: rime_frost (D-Bus)"
time="2025-06-11T22:52:46+08:00" level=info msg="Switched input method to: chinese"
time="2025-06-11T22:52:49+08:00" level=info msg="Window changed: wechat - 微信"
time="2025-06-11T22:52:49+08:00" level=info msg="Current IM:  -> Target IM: chinese"
time="2025-06-11T22:52:49+08:00" level=info msg="Switching to input method: chinese"
time="2025-06-11T22:52:49+08:00" level=info msg="Switching rime schema to: rime_frost via D-Bus"
time="2025-06-11T22:52:49+08:00" level=info msg="Successfully switched rime schema to: rime_frost (D-Bus)"
time="2025-06-11T22:52:49+08:00" level=info msg="Switched input method to: chinese"
time="2025-06-11T22:53:07+08:00" level=info msg="Window changed: code - app.go - Untitled (Workspace) - Visual Studio Code"
time="2025-06-11T22:53:07+08:00" level=info msg="Current IM:  -> Target IM: english"
time="2025-06-11T22:53:07+08:00" level=info msg="Switching to input method: english"
time="2025-06-11T22:53:07+08:00" level=info msg="Successfully switched to English via D-Bus"
time="2025-06-11T22:53:07+08:00" level=info msg="Switched input method to: english"
time="2025-06-11T22:55:48+08:00" level=info msg="Window changed: google-chrome - 第三季 7-9集（上)_哔哩哔哩_bilibili - Google Chrome"
time="2025-06-11T22:55:48+08:00" level=info msg="Current IM:  -> Target IM: japanese"
time="2025-06-11T22:55:48+08:00" level=info msg="Switching to input method: japanese"
time="2025-06-11T22:55:48+08:00" level=info msg="Switching rime schema to: kagiroi via D-Bus"
time="2025-06-11T22:55:48+08:00" level=info msg="Successfully switched rime schema to: kagiroi (D-Bus)"
time="2025-06-11T22:55:48+08:00" level=info msg="Switched input method to: japanese"
time="2025-06-11T22:55:48+08:00" level=info msg="Window changed: code - app.go - Untitled (Workspace) - Visual Studio Code"
time="2025-06-11T22:55:48+08:00" level=info msg="Current IM:  -> Target IM: english"
time="2025-06-11T22:55:48+08:00" level=info msg="Switching to input method: english"
time="2025-06-11T22:55:48+08:00" level=info msg="Successfully switched to English via D-Bus"
time="2025-06-11T22:55:48+08:00" level=info msg="Switched input method to: english"
time="2025-06-11T22:55:48+08:00" level=info msg="Window changed: google-chrome - 第三季 7-9集（上)_哔哩哔哩_bilibili - Google Chrome"
time="2025-06-11T22:55:48+08:00" level=info msg="Current IM: english -> Target IM: japanese"
time="2025-06-11T22:55:48+08:00" level=info msg="Switching to input method: japanese"
time="2025-06-11T22:55:48+08:00" level=info msg="Switching rime schema to: kagiroi via D-Bus"
time="2025-06-11T22:55:48+08:00" level=info msg="Successfully switched rime schema to: kagiroi (D-Bus)"
time="2025-06-11T22:55:48+08:00" level=info msg="Switched input method to: japanese"
time="2025-06-11T22:56:05+08:00" level=info msg="Window changed: code - app.go - Untitled (Workspace) - Visual Studio Code"
time="2025-06-11T22:56:05+08:00" level=info msg="Current IM:  -> Target IM: english"
time="2025-06-11T22:56:05+08:00" level=info msg="Switching to input method: english"
time="2025-06-11T22:56:05+08:00" level=info msg="Successfully switched to English via D-Bus"
time="2025-06-11T22:56:05+08:00" level=info msg="Switched input method to: english"
time="2025-06-11T22:56:09+08:00" level=info msg="Window changed: google-chrome - 第三季 7-9集（上)_哔哩哔哩_bilibili - Google Chrome"
time="2025-06-11T22:56:09+08:00" level=info msg="Current IM: english -> Target IM: japanese"
time="2025-06-11T22:56:09+08:00" level=info msg="Switching to input method: japanese"
time="2025-06-11T22:56:09+08:00" level=info msg="Switching rime schema to: kagiroi via D-Bus"
time="2025-06-11T22:56:09+08:00" level=info msg="Successfully switched rime schema to: kagiroi (D-Bus)"
time="2025-06-11T22:56:09+08:00" level=info msg="Switched input method to: japanese"
time="2025-06-11T23:02:36+08:00" level=info msg="Window changed: wechat - 微信"
time="2025-06-11T23:02:36+08:00" level=info msg="Current IM:  -> Target IM: chinese"
time="2025-06-11T23:02:36+08:00" level=info msg="Switching to input method: chinese"
time="2025-06-11T23:02:36+08:00" level=info msg="Switching rime schema to: rime_frost via D-Bus"
time="2025-06-11T23:02:36+08:00" level=info msg="Successfully switched rime schema to: rime_frost (D-Bus)"
time="2025-06-11T23:02:36+08:00" level=info msg="Switched input method to: chinese"
time="2025-06-11T23:02:37+08:00" level=info msg="Window changed: code - app.go - Untitled (Workspace) - Visual Studio Code"
time="2025-06-11T23:02:37+08:00" level=info msg="Current IM:  -> Target IM: english"
time="2025-06-11T23:02:37+08:00" level=info msg="Switching to input method: english"
time="2025-06-11T23:02:37+08:00" level=info msg="Successfully switched to English via D-Bus"
time="2025-06-11T23:02:37+08:00" level=info msg="Switched input method to: english"
time="2025-06-11T23:02:39+08:00" level=info msg="Window changed: code - switcher.go - Untitled (Workspace) - Visual Studio Code"
time="2025-06-11T23:02:39+08:00" level=info msg="Current IM: english -> Target IM: english"
time="2025-06-11T23:02:43+08:00" level=info msg="Window changed: code - ● switcher.go - Untitled (Workspace) - Visual Studio Code"
time="2025-06-11T23:02:43+08:00" level=info msg="Current IM: english -> Target IM: english"
time="2025-06-11T23:02:53+08:00" level=info msg="Window changed: google-chrome - 第三季 7-9集（上)_哔哩哔哩_bilibili - Google Chrome"
time="2025-06-11T23:02:53+08:00" level=info msg="Current IM: english -> Target IM: japanese"
time="2025-06-11T23:02:53+08:00" level=info msg="Switching to input method: japanese"
time="2025-06-11T23:02:53+08:00" level=info msg="Switching rime schema to: kagiroi via D-Bus"
time="2025-06-11T23:02:53+08:00" level=info msg="Successfully switched rime schema to: kagiroi (D-Bus)"
time="2025-06-11T23:02:53+08:00" level=info msg="Switched input method to: japanese"
time="2025-06-11T23:03:00+08:00" level=info msg="Window changed: wechat - 微信"
time="2025-06-11T23:03:00+08:00" level=info msg="Current IM:  -> Target IM: chinese"
time="2025-06-11T23:03:00+08:00" level=info msg="Switching to input method: chinese"
time="2025-06-11T23:03:01+08:00" level=info msg="Switching rime schema to: rime_frost via D-Bus"
time="2025-06-11T23:03:01+08:00" level=info msg="Successfully switched rime schema to: rime_frost (D-Bus)"
time="2025-06-11T23:03:01+08:00" level=info msg="Switched input method to: chinese"
time="2025-06-11T23:03:01+08:00" level=info msg="Window changed: org.telegram.desktop - \u200e\u2068陈丽真\u2069 – (15779)"
time="2025-06-11T23:03:01+08:00" level=info msg="Current IM:  -> Target IM: chinese"
time="2025-06-11T23:03:01+08:00" level=info msg="Switching to input method: chinese"
time="2025-06-11T23:03:01+08:00" level=info msg="Switching rime schema to: rime_frost via D-Bus"
time="2025-06-11T23:03:01+08:00" level=info msg="Successfully switched rime schema to: rime_frost (D-Bus)"
time="2025-06-11T23:03:01+08:00" level=info msg="Switched input method to: chinese"
time="2025-06-11T23:03:01+08:00" level=info msg="Window changed: wechat - 微信"
time="2025-06-11T23:03:01+08:00" level=info msg="Current IM:  -> Target IM: chinese"
time="2025-06-11T23:03:01+08:00" level=info msg="Switching to input method: chinese"
time="2025-06-11T23:03:01+08:00" level=info msg="Switching rime schema to: rime_frost via D-Bus"
time="2025-06-11T23:03:01+08:00" level=info msg="Successfully switched rime schema to: rime_frost (D-Bus)"
time="2025-06-11T23:03:01+08:00" level=info msg="Switched input method to: chinese"
time="2025-06-11T23:03:04+08:00" level=info msg="Window changed: org.telegram.desktop - \u200e\u2068陈丽真\u2069 – (15780)"
time="2025-06-11T23:03:04+08:00" level=info msg="Current IM:  -> Target IM: chinese"
time="2025-06-11T23:03:04+08:00" level=info msg="Switching to input method: chinese"
time="2025-06-11T23:03:04+08:00" level=info msg="Switching rime schema to: rime_frost via D-Bus"
time="2025-06-11T23:03:04+08:00" level=info msg="Successfully switched rime schema to: rime_frost (D-Bus)"
time="2025-06-11T23:03:04+08:00" level=info msg="Switched input method to: chinese"
time="2025-06-11T23:03:05+08:00" level=info msg="Window changed: wechat - 微信"
time="2025-06-11T23:03:05+08:00" level=info msg="Current IM:  -> Target IM: chinese"
time="2025-06-11T23:03:05+08:00" level=info msg="Switching to input method: chinese"
time="2025-06-11T23:03:05+08:00" level=info msg="Switching rime schema to: rime_frost via D-Bus"
time="2025-06-11T23:03:05+08:00" level=info msg="Successfully switched rime schema to: rime_frost (D-Bus)"
time="2025-06-11T23:03:05+08:00" level=info msg="Switched input method to: chinese"
time="2025-06-11T23:03:06+08:00" level=info msg="Window changed: code - ● switcher.go - Untitled (Workspace) - Visual Studio Code"
time="2025-06-11T23:03:06+08:00" level=info msg="Current IM:  -> Target IM: english"
time="2025-06-11T23:03:06+08:00" level=info msg="Switching to input method: english"
time="2025-06-11T23:03:06+08:00" level=info msg="Successfully switched to English via D-Bus"
time="2025-06-11T23:03:06+08:00" level=info msg="Switched input method to: english"
time="2025-06-11T23:03:17+08:00" level=info msg="Window changed: code - switcher.go - Untitled (Workspace) - Visual Studio Code"
time="2025-06-11T23:03:17+08:00" level=info msg="Current IM: english -> Target IM: english"
time="2025-06-11T23:03:34+08:00" level=info msg="Window changed: code - notifier.go - Untitled (Workspace) - Visual Studio Code"
time="2025-06-11T23:03:34+08:00" level=info msg="Current IM: english -> Target IM: english"
time="2025-06-11T23:03:34+08:00" level=info msg="Window changed: code - ● notifier.go - Untitled (Workspace) - Visual Studio Code"
time="2025-06-11T23:03:34+08:00" level=info msg="Current IM: english -> Target IM: english"
time="2025-06-11T23:03:34+08:00" level=info msg="Window changed: code - notifier.go - Untitled (Workspace) - Visual Studio Code"
time="2025-06-11T23:03:34+08:00" level=info msg="Current IM: english -> Target IM: english"
time="2025-06-11T23:03:41+08:00" level=info msg="Window changed: code - app.go - Untitled (Workspace) - Visual Studio Code"
time="2025-06-11T23:03:41+08:00" level=info msg="Current IM: english -> Target IM: english"
time="2025-06-11T23:03:44+08:00" level=info msg="Window changed: code - ● app.go - Untitled (Workspace) - Visual Studio Code"
time="2025-06-11T23:03:44+08:00" level=info msg="Current IM: english -> Target IM: english"
time="2025-06-11T23:03:57+08:00" level=info msg="Window changed: code - app.go - Untitled (Workspace) - Visual Studio Code"
time="2025-06-11T23:03:57+08:00" level=info msg="Current IM: english -> Target IM: english"
time="2025-06-11T23:04:11+08:00" level=info msg="Window changed: code - fcitx5.go - Untitled (Workspace) - Visual Studio Code"
time="2025-06-11T23:04:11+08:00" level=info msg="Current IM: english -> Target IM: english"
time="2025-06-11T23:04:36+08:00" level=info msg="Shutting down..."
