time="2025-06-11T21:03:41+08:00" level=info msg="Config version 2 is current"
time="2025-06-11T21:03:41+08:00" level=info msg="Available notification methods: [libnotify dunst hyprland swaync]"
time="2025-06-11T21:03:41+08:00" level=info msg="Starting Hyprland input method switcher..."
time="2025-06-11T21:03:41+08:00" level=info msg="Config loaded from: ~/.config/hypr-input-switcher/config.json"
time="2025-06-11T21:03:41+08:00" level=info msg="Notification methods: [libnotify dunst hyprland swaync]"
time="2025-06-11T21:03:41+08:00" level=info msg="Window changed: code - hypr-smart-input-switch - hypr-smart-input-switch - Visual Studio Code"
time="2025-06-11T21:03:41+08:00" level=info msg="Current IM:  -> Target IM: english"
time="2025-06-11T21:03:41+08:00" level=info msg="Switching to input method: english"
time="2025-06-11T21:03:41+08:00" level=info msg="Successfully switched to English via D-Bus"
time="2025-06-11T21:03:41+08:00" level=info msg="Switched input method to: english"
time="2025-06-11T21:03:44+08:00" level=info msg="Window changed: wechat - 微信"
time="2025-06-11T21:03:44+08:00" level=info msg="Current IM: english -> Target IM: chinese"
time="2025-06-11T21:03:44+08:00" level=info msg="Switching to input method: chinese"
time="2025-06-11T21:03:45+08:00" level=info msg="Switching rime schema to: rime_frost via D-Bus"
time="2025-06-11T21:03:45+08:00" level=warning msg="Failed to switch rime schema via D-Bus: Unknown method SelectSchema or interface org.fcitx.Fcitx.Rime1."
time="2025-06-11T21:03:45+08:00" level=info msg="Switching rime schema to: rime_frost via fallback method"
time="2025-06-11T21:03:45+08:00" level=info msg="Successfully switched rime schema to: rime_frost (dbus-send)"
time="2025-06-11T21:03:45+08:00" level=info msg="Switched input method to: chinese"
time="2025-06-11T21:03:46+08:00" level=info msg="Window changed: org.telegram.desktop - \u200e\u2068折腾啥\u2069 – (15517)"
time="2025-06-11T21:03:46+08:00" level=info msg="Current IM: english -> Target IM: "
time="2025-06-11T21:03:46+08:00" level=info msg="Switching to input method: "
time="2025-06-11T21:03:47+08:00" level=info msg="Switched input method to: "
time="2025-06-11T21:03:50+08:00" level=info msg="Window changed: wechat - 微信"
time="2025-06-11T21:03:50+08:00" level=info msg="Current IM:  -> Target IM: chinese"
time="2025-06-11T21:03:50+08:00" level=info msg="Switching to input method: chinese"
time="2025-06-11T21:03:50+08:00" level=info msg="Switching rime schema to: rime_frost via D-Bus"
time="2025-06-11T21:03:50+08:00" level=warning msg="Failed to switch rime schema via D-Bus: Unknown method SelectSchema or interface org.fcitx.Fcitx.Rime1."
time="2025-06-11T21:03:50+08:00" level=info msg="Switching rime schema to: rime_frost via fallback method"
time="2025-06-11T21:03:50+08:00" level=info msg="Successfully switched rime schema to: rime_frost (dbus-send)"
time="2025-06-11T21:03:50+08:00" level=info msg="Switched input method to: chinese"
time="2025-06-11T21:03:52+08:00" level=info msg="Window changed: org.telegram.desktop - \u200e\u2068折腾啥\u2069 – (15519)"
time="2025-06-11T21:03:52+08:00" level=info msg="Current IM: english -> Target IM: "
time="2025-06-11T21:03:52+08:00" level=info msg="Switching to input method: "
time="2025-06-11T21:03:52+08:00" level=info msg="Switched input method to: "
time="2025-06-11T21:03:53+08:00" level=info msg="Window changed: code - hypr-smart-input-switch - hypr-smart-input-switch - Visual Studio Code"
time="2025-06-11T21:03:53+08:00" level=info msg="Current IM:  -> Target IM: english"
time="2025-06-11T21:03:53+08:00" level=info msg="Switching to input method: english"
time="2025-06-11T21:03:53+08:00" level=info msg="Successfully switched to English via D-Bus"
time="2025-06-11T21:03:53+08:00" level=info msg="Switched input method to: english"
time="2025-06-11T21:03:59+08:00" level=info msg="Window changed: xdg-desktop-portal-gtk - Add Folder to Workspace"
time="2025-06-11T21:03:59+08:00" level=info msg="Current IM: english -> Target IM: "
time="2025-06-11T21:03:59+08:00" level=info msg="Switching to input method: "
time="2025-06-11T21:03:59+08:00" level=info msg="Switched input method to: "
time="2025-06-11T21:03:59+08:00" level=info msg="Window changed: code - hypr-smart-input-switch - hypr-smart-input-switch - Visual Studio Code"
time="2025-06-11T21:03:59+08:00" level=info msg="Current IM:  -> Target IM: english"
time="2025-06-11T21:03:59+08:00" level=info msg="Switching to input method: english"
time="2025-06-11T21:03:59+08:00" level=info msg="Successfully switched to English via D-Bus"
time="2025-06-11T21:03:59+08:00" level=info msg="Switched input method to: english"
time="2025-06-11T21:03:59+08:00" level=info msg="Window changed: xdg-desktop-portal-gtk - Add Folder to Workspace"
time="2025-06-11T21:03:59+08:00" level=info msg="Current IM: english -> Target IM: "
time="2025-06-11T21:03:59+08:00" level=info msg="Switching to input method: "
time="2025-06-11T21:04:00+08:00" level=info msg="Switched input method to: "
time="2025-06-11T21:04:15+08:00" level=info msg="Window changed: code - hypr-smart-input-switch - hypr-smart-input-switch - Visual Studio Code"
time="2025-06-11T21:04:15+08:00" level=info msg="Current IM:  -> Target IM: english"
time="2025-06-11T21:04:15+08:00" level=info msg="Switching to input method: english"
time="2025-06-11T21:04:15+08:00" level=info msg="Successfully switched to English via D-Bus"
time="2025-06-11T21:04:15+08:00" level=info msg="Switched input method to: english"
time="2025-06-11T21:04:15+08:00" level=info msg="Window changed: code - hypr-smart-input-switch - Untitled (Workspace) - Visual Studio Code"
time="2025-06-11T21:04:15+08:00" level=info msg="Current IM: english -> Target IM: english"
time="2025-06-11T21:04:17+08:00" level=info msg="Window changed: code - config.json - Untitled (Workspace) - Visual Studio Code"
time="2025-06-11T21:04:17+08:00" level=info msg="Current IM: english -> Target IM: english"
time="2025-06-11T21:04:47+08:00" level=info msg="Window changed: code - Replace All"
time="2025-06-11T21:04:47+08:00" level=info msg="Current IM: english -> Target IM: english"
time="2025-06-11T21:04:48+08:00" level=info msg="Window changed: code - config.json - Untitled (Workspace) - Visual Studio Code"
time="2025-06-11T21:04:48+08:00" level=info msg="Current IM: english -> Target IM: english"
time="2025-06-11T21:04:51+08:00" level=info msg="Window changed: code - ● hypr-smart-input.log - Untitled (Workspace) - Visual Studio Code"
time="2025-06-11T21:04:51+08:00" level=info msg="Current IM: english -> Target IM: english"
time="2025-06-11T21:04:51+08:00" level=info msg="Window changed: code - Visual Studio Code"
time="2025-06-11T21:04:51+08:00" level=info msg="Current IM: english -> Target IM: english"
time="2025-06-11T21:04:52+08:00" level=info msg="Window changed: code - ● hypr-smart-input.log - Untitled (Workspace) - Visual Studio Code"
time="2025-06-11T21:04:52+08:00" level=info msg="Current IM: english -> Target IM: english"
time="2025-06-11T21:04:52+08:00" level=info msg="Window changed: code - Visual Studio Code"
time="2025-06-11T21:04:52+08:00" level=info msg="Current IM: english -> Target IM: english"
time="2025-06-11T21:04:53+08:00" level=info msg="Window changed: code - ● hypr-smart-input.log - Untitled (Workspace) - Visual Studio Code"
time="2025-06-11T21:04:53+08:00" level=info msg="Current IM: english -> Target IM: english"
time="2025-06-11T21:04:53+08:00" level=info msg="Window changed: code - config.json - Untitled (Workspace) - Visual Studio Code"
time="2025-06-11T21:04:53+08:00" level=info msg="Current IM: english -> Target IM: english"
time="2025-06-11T21:05:01+08:00" level=info msg="Shutting down..."
